2023_10_19_151856:Init the build environment...
2023_10_19_151856:Compiler started
2023_10_19_151856:Compiling cmdoptios/cmd/cmdline.c
2023_10_19_151856:Compiling cmdoptios/probar/procbar.c
2023_10_19_151856:Compiling cmdoptios/version/versioninfo.c
2023_10_19_151856:Compiling common/commlib/common.c
2023_10_19_151856:Compiling common/swshlibtest/swshobjtest.c
2023_10_19_151856:Compiling iniconfig/inilib/dictionary.c
2023_10_19_151856:Compiling iniconfig/inilib/iniparser.c
2023_10_19_151856:Compiling logger/loglib/logger.c
2023_10_19_151856:Compiling generator/GACbin/check_type.c
2023_10_19_151856:Compiling generator/GACbin/copy_format.c
2023_10_19_151856:Compiling generator/GACbin/fill_range.c
2023_10_19_151857:Compiling generator/GACbin/genbin.c
2023_10_19_151857:Compiling generator/GACbin/get_tail.c
2023_10_19_151857:Compiling generator/GACbin/patch_head.c
2023_10_19_151857:Compiling generator/GACbin/set_hex_buffer.c
2023_10_19_151857:Compiling generator/GACbin/set.c
2023_10_19_151857:Compiling generator/GACbin/set_hex_name.c
2023_10_19_151857:Compiling generator/GACgen/GACGenerate.c
2023_10_19_151857:Compiling hex/align/align.c
2023_10_19_151857:Compiling hex/block/blockhex.c
2023_10_19_151858:Compiling hex/fill/cathex.c
2023_10_19_151858:Compiling hex/fill/crchex.c
2023_10_19_151858:Compiling hex/fill/fillhex.c
2023_10_19_151858:Compiling hex/gen/createhexlist.c
2023_10_19_151858:Compiling hex/gen/genhexfile.c
2023_10_19_151858:Compiling hex/operate/ophex.c
2023_10_19_151858:Compiling hex/readinfo/readhex.c
2023_10_19_151858:Compiling hex/readinfo/readranges.c
2023_10_19_151858:Compiling hex/readinfo/readini.c
2023_10_19_151858:Compiling GACmain/main/GACmain.c
2023_10_19_151858:Compiling GACmain/main/GACheadinfo.c
2023_10_19_151858:Compiling testcpp/test/123.c
2023_10_19_151859:Compiler finished
2023_10_19_151859:Linking started  
2023_10_19_151859:Generate lib _gen/mak/objs.txt ...
2023_10_19_151859:"C:/MinGW/bin"/ar.exe r _gen/libs/lib_ggsb_hex2bin.a @_gen/mak/objs.txt
2023_10_19_151859:Genrate target...
2023_10_19_151859:"C:/MinGW/bin"/gcc.exe -o _bin/hex2bin.exe -D__CPU1__ -D__CPU__=TC27x  -LC:/MinGW -Wl,--whole-archive  _gen/libs/lib_ggsb_hex2bin.a -Wl,--no-whole-archive -Os icons/demo.o -Wl,--stack=0x100000000  
2023_10_19_151859:Link finished
2023_10_19_151859:All Done!!!
